#
# There is insufficient memory for the Java Runtime Environment to continue.
# Native memory allocation (malloc) failed to allocate 1222816 bytes for Chunk::new
# Possible reasons:
#   The system is out of physical RAM or swap space
#   In 32 bit mode, the process size limit was hit
# Possible solutions:
#   Reduce memory load on the system
#   Increase physical memory or swap space
#   Check if swap backing store is full
#   Use 64 bit Java on a 64 bit OS
#   Decrease Java heap size (-Xmx/-Xms)
#   Decrease number of Java threads
#   Decrease Java thread stack sizes (-Xss)
#   Set larger code cache with -XX:ReservedCodeCacheSize=
# This output file may be truncated or incomplete.
#
#  Out of Memory Error (allocation.cpp:390), pid=2628, tid=0x00000000000000c4
#
# JRE version: OpenJDK Runtime Environment (8.0_152-b01) (build 1.8.0_152-release-915-b01)
# Java VM: OpenJDK 64-Bit Server VM (25.152-b01 mixed mode windows-amd64 compressed oops)
# Failed to write core dump. Minidumps are not enabled by default on client versions of Windows
#

---------------  T H R E A D  ---------------

Current thread (0x0000000019b13000):  JavaThread "C2 CompilerThread2" daemon [_thread_in_native, id=196, stack(0x000000001a4f0000,0x000000001a5f0000)]

Stack: [0x000000001a4f0000,0x000000001a5f0000]
[error occurred during error reporting (printing stack bounds), id 0xc0000005]

Native frames: (J=compiled Java code, j=interpreted, Vv=VM code, C=native code)


Current CompileTask:
C2:   6498 4691       4       java.net.URLClassLoader$1::run (5 bytes)


---------------  P R O C E S S  ---------------

Java Threads: ( => current thread )
  0x0000000021c93800 JavaThread "Memory manager" [_thread_blocked, id=4848, stack(0x0000000024560000,0x0000000024660000)]
  0x0000000021c94800 JavaThread "build operations Thread 8" [_thread_blocked, id=7672, stack(0x0000000023e60000,0x0000000023f60000)]
  0x0000000021c97800 JavaThread "build operations Thread 7" [_thread_blocked, id=388, stack(0x0000000023d60000,0x0000000023e60000)]
  0x0000000021c96800 JavaThread "build operations Thread 6" [_thread_blocked, id=4692, stack(0x0000000023c60000,0x0000000023d60000)]
  0x000000001bdfa000 JavaThread "build operations Thread 5" [_thread_blocked, id=5984, stack(0x0000000023b60000,0x0000000023c60000)]
  0x000000001bdf9800 JavaThread "build operations Thread 4" [_thread_blocked, id=5684, stack(0x0000000023a60000,0x0000000023b60000)]
  0x000000001bdfd000 JavaThread "build operations Thread 3" [_thread_blocked, id=6672, stack(0x0000000023960000,0x0000000023a60000)]
  0x000000001bdf7000 JavaThread "build operations Thread 2" [_thread_blocked, id=9572, stack(0x0000000023860000,0x0000000023960000)]
  0x000000001bdf8800 JavaThread "build operations" [_thread_blocked, id=1760, stack(0x0000000023760000,0x0000000023860000)]
  0x000000001bdfb800 JavaThread "Cache worker for Artifact transforms cache (C:\Users\Usuario\.gradle\caches\transforms-1)" [_thread_blocked, id=7300, stack(0x0000000023460000,0x0000000023560000)]
  0x000000001be0c800 JavaThread "Cache worker for file hash cache (C:\Users\Usuario\AndroidStudioProjects\Localizaciones\.gradle\4.1\fileHashes)" [_thread_blocked, id=6424, stack(0x000000001e630000,0x000000001e730000)]
  0x000000001bf90800 JavaThread "File lock request listener" [_thread_in_native, id=7252, stack(0x000000001e330000,0x000000001e430000)]
  0x000000001bf9e000 JavaThread "Cache worker for file hash cache (C:\Users\Usuario\.gradle\caches\4.1\fileHashes)" [_thread_blocked, id=1852, stack(0x000000001e230000,0x000000001e330000)]
  0x000000001b78a800 JavaThread "Stdin handler" [_thread_blocked, id=1768, stack(0x000000001e030000,0x000000001e130000)]
  0x000000001b786800 JavaThread "Asynchronous log dispatcher for DefaultDaemonConnection: socket connection from /127.0.0.1:52236 to /127.0.0.1:52237" [_thread_blocked, id=7960, stack(0x000000001df30000,0x000000001e030000)]
  0x000000001b7a5800 JavaThread "Daemon worker" [_thread_in_Java, id=2368, stack(0x000000001de30000,0x000000001df30000)]
  0x000000001b7a2000 JavaThread "Cancel handler" [_thread_blocked, id=1096, stack(0x000000001dd30000,0x000000001de30000)]
  0x000000001bfda800 JavaThread "Handler for socket connection from /127.0.0.1:52236 to /127.0.0.1:52237" [_thread_in_native, id=8808, stack(0x000000001da30000,0x000000001db30000)]
  0x000000001bfd8000 JavaThread "Daemon" [_thread_blocked, id=7392, stack(0x000000001d930000,0x000000001da30000)]
  0x000000001b68d000 JavaThread "Daemon periodic checks" [_thread_blocked, id=9244, stack(0x000000001d830000,0x000000001d930000)]
  0x000000001b783000 JavaThread "Incoming local TCP Connector on port 52236" [_thread_in_native, id=3412, stack(0x000000001d5d0000,0x000000001d6d0000)]
  0x0000000019b7a800 JavaThread "Service Thread" daemon [_thread_blocked, id=5052, stack(0x000000001a6f0000,0x000000001a7f0000)]
  0x0000000017bec000 JavaThread "C1 CompilerThread3" daemon [_thread_blocked, id=3016, stack(0x000000001a5f0000,0x000000001a6f0000)]
=>0x0000000019b13000 JavaThread "C2 CompilerThread2" daemon [_thread_in_native, id=196, stack(0x000000001a4f0000,0x000000001a5f0000)]
  0x0000000019b10000 JavaThread "C2 CompilerThread1" daemon [_thread_in_native, id=10204, stack(0x000000001a3f0000,0x000000001a4f0000)]
  0x0000000019b0d000 JavaThread "C2 CompilerThread0" daemon [_thread_in_native, id=5172, stack(0x000000001a2f0000,0x000000001a3f0000)]
  0x0000000019b0b800 JavaThread "Attach Listener" daemon [_thread_blocked, id=3024, stack(0x000000001a1f0000,0x000000001a2f0000)]
  0x0000000019b0a800 JavaThread "Signal Dispatcher" daemon [_thread_blocked, id=2104, stack(0x000000001a0f0000,0x000000001a1f0000)]
  0x00000000050be800 JavaThread "Finalizer" daemon [_thread_blocked, id=5364, stack(0x0000000019ee0000,0x0000000019fe0000)]
  0x0000000017bdb800 JavaThread "Reference Handler" daemon [_thread_blocked, id=9712, stack(0x00000000199e0000,0x0000000019ae0000)]
  0x0000000004dce000 JavaThread "main" [_thread_blocked, id=5956, stack(0x0000000004ec0000,0x0000000004fc0000)]

Other Threads:
  0x0000000017bd5800 VMThread [stack: 0x00000000198e0000,0x00000000199e0000] [id=6256]
  0x0000000019b7b000 WatcherThread [stack: 0x000000001a7f0000,0x000000001a8f0000] [id=10180]

VM state:not at safepoint (normal execution)

VM Mutex/Monitor currently owned by a thread: None

Heap:
 PSYoungGen      total 122880K, used 31824K [0x00000000eab00000, 0x00000000f5400000, 0x0000000100000000)
  eden space 109568K, 17% used [0x00000000eab00000,0x00000000ebdd63e8,0x00000000f1600000)
  from space 13312K, 94% used [0x00000000f1600000,0x00000000f223de18,0x00000000f2300000)
  to   space 14848K, 0% used [0x00000000f4580000,0x00000000f4580000,0x00000000f5400000)
 ParOldGen       total 84992K, used 16489K [0x00000000c0000000, 0x00000000c5300000, 0x00000000eab00000)
  object space 84992K, 19% used [0x00000000c0000000,0x00000000c101a788,0x00000000c5300000)
 Metaspace       used 45812K, capacity 46996K, committed 47104K, reserved 1089536K
  class space    used 6189K, capacity 6592K, committed 6656K, reserved 1048576K

Card table byte_map: [0x0000000014480000,0x0000000014690000] byte_map_base: 0x0000000013e80000

Marking Bits: (ParMarkBitMap*) 0x000000006f303950
 Begin Bits: [0x0000000014ff0000, 0x0000000015ff0000)
 End Bits:   [0x0000000015ff0000, 0x0000000016ff0000)

Polling page: 0x0000000004db0000

CodeCache: size=245760Kb used=15251Kb max_used=15273Kb free=230508Kb
 bounds [0x00000000050c0000, 0x0000000005fc0000, 0x00000000140c0000]
 total_blobs=5121 nmethods=4385 adapters=648
 compilation: enabled

Compilation events (10 events):
Event: 6.485 Thread 0x0000000017bec000 4900       3       java.util.ArrayList::contains (14 bytes)
Event: 6.485 Thread 0x0000000017bec000 nmethod 4900 0x000000000554c650 code [0x000000000554c7c0, 0x000000000554ca28]
Event: 6.485 Thread 0x0000000017bec000 4901       3       com.sun.org.apache.xerces.internal.impl.XMLNSDocumentScannerImpl::next (39 bytes)
Event: 6.485 Thread 0x0000000017bec000 nmethod 4901 0x0000000005fba210 code [0x0000000005fba3a0, 0x0000000005fba788]
Event: 6.486 Thread 0x0000000017bec000 4902       3       com.sun.org.apache.xerces.internal.util.NamespaceSupport::getURI (38 bytes)
Event: 6.486 Thread 0x0000000017bec000 nmethod 4902 0x0000000005835290 code [0x0000000005835400, 0x0000000005835690]
Event: 6.486 Thread 0x0000000017bec000 4897       3       com.sun.org.apache.xerces.internal.util.XMLAttributesImpl::getURI (29 bytes)
Event: 6.486 Thread 0x0000000017bec000 nmethod 4897 0x0000000005834dd0 code [0x0000000005834f40, 0x0000000005835150]
Event: 6.487 Thread 0x0000000017bec000 4895       3       com.sun.org.apache.xerces.internal.impl.XMLScanner::isInvalidLiteral (5 bytes)
Event: 6.487 Thread 0x0000000017bec000 nmethod 4895 0x000000000584b850 code [0x000000000584b9c0, 0x000000000584bc08]

GC Heap History (10 events):
Event: 3.481 GC heap before
{Heap before GC invocations=5 (full 1):
 PSYoungGen      total 57344K, used 49152K [0x00000000eab00000, 0x00000000f1b00000, 0x0000000100000000)
  eden space 49152K, 100% used [0x00000000eab00000,0x00000000edb00000,0x00000000edb00000)
  from space 8192K, 0% used [0x00000000edb00000,0x00000000edb00000,0x00000000ee300000)
  to   space 8192K, 0% used [0x00000000f1300000,0x00000000f1300000,0x00000000f1b00000)
 ParOldGen       total 84992K, used 9309K [0x00000000c0000000, 0x00000000c5300000, 0x00000000eab00000)
  object space 84992K, 10% used [0x00000000c0000000,0x00000000c0917690,0x00000000c5300000)
 Metaspace       used 24452K, capacity 24940K, committed 25088K, reserved 1071104K
  class space    used 3382K, capacity 3537K, committed 3584K, reserved 1048576K
Event: 3.485 GC heap after
Heap after GC invocations=5 (full 1):
 PSYoungGen      total 79360K, used 5016K [0x00000000eab00000, 0x00000000f1800000, 0x0000000100000000)
  eden space 74240K, 0% used [0x00000000eab00000,0x00000000eab00000,0x00000000ef380000)
  from space 5120K, 97% used [0x00000000f1300000,0x00000000f17e62d0,0x00000000f1800000)
  to   space 8192K, 0% used [0x00000000f0800000,0x00000000f0800000,0x00000000f1000000)
 ParOldGen       total 84992K, used 9317K [0x00000000c0000000, 0x00000000c5300000, 0x00000000eab00000)
  object space 84992K, 10% used [0x00000000c0000000,0x00000000c0919690,0x00000000c5300000)
 Metaspace       used 24452K, capacity 24940K, committed 25088K, reserved 1071104K
  class space    used 3382K, capacity 3537K, committed 3584K, reserved 1048576K
}
Event: 4.302 GC heap before
{Heap before GC invocations=6 (full 1):
 PSYoungGen      total 79360K, used 79256K [0x00000000eab00000, 0x00000000f1800000, 0x0000000100000000)
  eden space 74240K, 100% used [0x00000000eab00000,0x00000000ef380000,0x00000000ef380000)
  from space 5120K, 97% used [0x00000000f1300000,0x00000000f17e62d0,0x00000000f1800000)
  to   space 8192K, 0% used [0x00000000f0800000,0x00000000f0800000,0x00000000f1000000)
 ParOldGen       total 84992K, used 9317K [0x00000000c0000000, 0x00000000c5300000, 0x00000000eab00000)
  object space 84992K, 10% used [0x00000000c0000000,0x00000000c0919690,0x00000000c5300000)
 Metaspace       used 30960K, capacity 31702K, committed 32000K, reserved 1077248K
  class space    used 4288K, capacity 4552K, committed 4608K, reserved 1048576K
Event: 4.308 GC heap after
Heap after GC invocations=6 (full 1):
 PSYoungGen      total 103424K, used 8191K [0x00000000eab00000, 0x00000000f2f80000, 0x0000000100000000)
  eden space 95232K, 0% used [0x00000000eab00000,0x00000000eab00000,0x00000000f0800000)
  from space 8192K, 99% used [0x00000000f0800000,0x00000000f0ffffd8,0x00000000f1000000)
  to   space 12800K, 0% used [0x00000000f2300000,0x00000000f2300000,0x00000000f2f80000)
 ParOldGen       total 84992K, used 11485K [0x00000000c0000000, 0x00000000c5300000, 0x00000000eab00000)
  object space 84992K, 13% used [0x00000000c0000000,0x00000000c0b37548,0x00000000c5300000)
 Metaspace       used 30960K, capacity 31702K, committed 32000K, reserved 1077248K
  class space    used 4288K, capacity 4552K, committed 4608K, reserved 1048576K
}
Event: 5.148 GC heap before
{Heap before GC invocations=7 (full 1):
 PSYoungGen      total 103424K, used 85062K [0x00000000eab00000, 0x00000000f2f80000, 0x0000000100000000)
  eden space 95232K, 80% used [0x00000000eab00000,0x00000000ef611830,0x00000000f0800000)
  from space 8192K, 99% used [0x00000000f0800000,0x00000000f0ffffd8,0x00000000f1000000)
  to   space 12800K, 0% used [0x00000000f2300000,0x00000000f2300000,0x00000000f2f80000)
 ParOldGen       total 84992K, used 11485K [0x00000000c0000000, 0x00000000c5300000, 0x00000000eab00000)
  object space 84992K, 13% used [0x00000000c0000000,0x00000000c0b37548,0x00000000c5300000)
 Metaspace       used 34432K, capacity 35316K, committed 35416K, reserved 1079296K
  class space    used 4698K, capacity 5038K, committed 5120K, reserved 1048576K
Event: 5.156 GC heap after
Heap after GC invocations=7 (full 1):
 PSYoungGen      total 122368K, used 10221K [0x00000000eab00000, 0x00000000f4e80000, 0x0000000100000000)
  eden space 109568K, 0% used [0x00000000eab00000,0x00000000eab00000,0x00000000f1600000)
  from space 12800K, 79% used [0x00000000f2300000,0x00000000f2cfb798,0x00000000f2f80000)
  to   space 13312K, 0% used [0x00000000f1600000,0x00000000f1600000,0x00000000f2300000)
 ParOldGen       total 84992K, used 11493K [0x00000000c0000000, 0x00000000c5300000, 0x00000000eab00000)
  object space 84992K, 13% used [0x00000000c0000000,0x00000000c0b39548,0x00000000c5300000)
 Metaspace       used 34432K, capacity 35316K, committed 35416K, reserved 1079296K
  class space    used 4698K, capacity 5038K, committed 5120K, reserved 1048576K
}
Event: 5.156 GC heap before
{Heap before GC invocations=8 (full 2):
 PSYoungGen      total 122368K, used 10221K [0x00000000eab00000, 0x00000000f4e80000, 0x0000000100000000)
  eden space 109568K, 0% used [0x00000000eab00000,0x00000000eab00000,0x00000000f1600000)
  from space 12800K, 79% used [0x00000000f2300000,0x00000000f2cfb798,0x00000000f2f80000)
  to   space 13312K, 0% used [0x00000000f1600000,0x00000000f1600000,0x00000000f2300000)
 ParOldGen       total 84992K, used 11493K [0x00000000c0000000, 0x00000000c5300000, 0x00000000eab00000)
  object space 84992K, 13% used [0x00000000c0000000,0x00000000c0b39548,0x00000000c5300000)
 Metaspace       used 34432K, capacity 35316K, committed 35416K, reserved 1079296K
  class space    used 4698K, capacity 5038K, committed 5120K, reserved 1048576K
Event: 5.225 GC heap after
Heap after GC invocations=8 (full 2):
 PSYoungGen      total 122368K, used 0K [0x00000000eab00000, 0x00000000f4e80000, 0x0000000100000000)
  eden space 109568K, 0% used [0x00000000eab00000,0x00000000eab00000,0x00000000f1600000)
  from space 12800K, 0% used [0x00000000f2300000,0x00000000f2300000,0x00000000f2f80000)
  to   space 13312K, 0% used [0x00000000f1600000,0x00000000f1600000,0x00000000f2300000)
 ParOldGen       total 84992K, used 16481K [0x00000000c0000000, 0x00000000c5300000, 0x00000000eab00000)
  object space 84992K, 19% used [0x00000000c0000000,0x00000000c1018788,0x00000000c5300000)
 Metaspace       used 34432K, capacity 35316K, committed 35416K, reserved 1079296K
  class space    used 4698K, capacity 5038K, committed 5120K, reserved 1048576K
}
Event: 6.176 GC heap before
{Heap before GC invocations=9 (full 2):
 PSYoungGen      total 122368K, used 109568K [0x00000000eab00000, 0x00000000f4e80000, 0x0000000100000000)
  eden space 109568K, 100% used [0x00000000eab00000,0x00000000f1600000,0x00000000f1600000)
  from space 12800K, 0% used [0x00000000f2300000,0x00000000f2300000,0x00000000f2f80000)
  to   space 13312K, 0% used [0x00000000f1600000,0x00000000f1600000,0x00000000f2300000)
 ParOldGen       total 84992K, used 16481K [0x00000000c0000000, 0x00000000c5300000, 0x00000000eab00000)
  object space 84992K, 19% used [0x00000000c0000000,0x00000000c1018788,0x00000000c5300000)
 Metaspace       used 41940K, capacity 43044K, committed 43264K, reserved 1087488K
  class space    used 5631K, capacity 6022K, committed 6144K, reserved 1048576K
Event: 6.185 GC heap after
Heap after GC invocations=9 (full 2):
 PSYoungGen      total 122880K, used 12535K [0x00000000eab00000, 0x00000000f5400000, 0x0000000100000000)
  eden space 109568K, 0% used [0x00000000eab00000,0x00000000eab00000,0x00000000f1600000)
  from space 13312K, 94% used [0x00000000f1600000,0x00000000f223de18,0x00000000f2300000)
  to   space 14848K, 0% used [0x00000000f4580000,0x00000000f4580000,0x00000000f5400000)
 ParOldGen       total 84992K, used 16489K [0x00000000c0000000, 0x00000000c5300000, 0x00000000eab00000)
  object space 84992K, 19% used [0x00000000c0000000,0x00000000c101a788,0x00000000c5300000)
 Metaspace       used 41940K, capacity 43044K, committed 43264K, reserved 1087488K
  class space    used 5631K, capacity 6022K, committed 6144K, reserved 1048576K
}

Deoptimization events (10 events):
Event: 6.346 Thread 0x000000001b7a5800 Uncommon trap: reason=bimorphic action=maybe_recompile pc=0x0000000005d637fc method=java.util.AbstractList$Itr.next()Ljava/lang/Object; @ 14
Event: 6.481 Thread 0x000000001b7a5800 Uncommon trap: reason=class_check action=maybe_recompile pc=0x000000000534d5a4 method=com.sun.org.apache.xerces.internal.impl.XMLDocumentFragmentScannerImpl$FragmentContentDriver.next()I @ 2223
Event: 6.481 Thread 0x000000001b7a5800 Uncommon trap: reason=unstable_if action=reinterpret pc=0x0000000005c22688 method=com.sun.org.apache.xerces.internal.impl.XMLEntityScanner.scanLiteral(ILcom/sun/org/apache/xerces/internal/xni/XMLString;Z)I @ 660
Event: 6.482 Thread 0x000000001b7a5800 Uncommon trap: reason=class_check action=maybe_recompile pc=0x000000000534d598 method=com.sun.org.apache.xerces.internal.impl.XMLDocumentFragmentScannerImpl$FragmentContentDriver.next()I @ 439
Event: 6.482 Thread 0x000000001b7a5800 Uncommon trap: reason=class_check action=maybe_recompile pc=0x000000000534d598 method=com.sun.org.apache.xerces.internal.impl.XMLDocumentFragmentScannerImpl$FragmentContentDriver.next()I @ 439
Event: 6.482 Thread 0x000000001b7a5800 Uncommon trap: reason=class_check action=maybe_recompile pc=0x000000000534d598 method=com.sun.org.apache.xerces.internal.impl.XMLDocumentFragmentScannerImpl$FragmentContentDriver.next()I @ 439
Event: 6.483 Thread 0x000000001b7a5800 Uncommon trap: reason=class_check action=maybe_recompile pc=0x0000000005d11f58 method=com.sun.org.apache.xerces.internal.impl.XMLDocumentFragmentScannerImpl.scanEndElement()I @ 145
Event: 6.483 Thread 0x000000001b7a5800 Uncommon trap: reason=class_check action=maybe_recompile pc=0x0000000005d11f58 method=com.sun.org.apache.xerces.internal.impl.XMLDocumentFragmentScannerImpl.scanEndElement()I @ 145
Event: 6.483 Thread 0x000000001b7a5800 Uncommon trap: reason=class_check action=maybe_recompile pc=0x0000000005d11f58 method=com.sun.org.apache.xerces.internal.impl.XMLDocumentFragmentScannerImpl.scanEndElement()I @ 145
Event: 6.483 Thread 0x000000001b7a5800 Uncommon trap: reason=class_check action=maybe_recompile pc=0x0000000005d11f58 method=com.sun.org.apache.xerces.internal.impl.XMLDocumentFragmentScannerImpl.scanEndElement()I @ 145

Classes redefined (0 events):
No events

Internal exceptions (10 events):
Event: 6.301 Thread 0x000000001b7a5800 Exception <a 'sun/nio/fs/WindowsException'> (0x00000000eb50dc58) thrown at [D:\src\AOSP-openjdk-cygwin\jdk8u\hotspot\src\share\vm\prims\jni.cpp, line 709]
Event: 6.301 Thread 0x000000001b7a5800 Exception <a 'sun/nio/fs/WindowsException'> (0x00000000eb50e928) thrown at [D:\src\AOSP-openjdk-cygwin\jdk8u\hotspot\src\share\vm\prims\jni.cpp, line 709]
Event: 6.301 Thread 0x000000001b7a5800 Exception <a 'sun/nio/fs/WindowsException'> (0x00000000eb510630) thrown at [D:\src\AOSP-openjdk-cygwin\jdk8u\hotspot\src\share\vm\prims\jni.cpp, line 709]
Event: 6.301 Thread 0x000000001b7a5800 Exception <a 'sun/nio/fs/WindowsException'> (0x00000000eb511340) thrown at [D:\src\AOSP-openjdk-cygwin\jdk8u\hotspot\src\share\vm\prims\jni.cpp, line 709]
Event: 6.302 Thread 0x000000001b7a5800 Exception <a 'sun/nio/fs/WindowsException'> (0x00000000eb514bc0) thrown at [D:\src\AOSP-openjdk-cygwin\jdk8u\hotspot\src\share\vm\prims\jni.cpp, line 709]
Event: 6.302 Thread 0x000000001b7a5800 Exception <a 'sun/nio/fs/WindowsException'> (0x00000000eb5156f0) thrown at [D:\src\AOSP-openjdk-cygwin\jdk8u\hotspot\src\share\vm\prims\jni.cpp, line 709]
Event: 6.302 Thread 0x000000001b7a5800 Exception <a 'sun/nio/fs/WindowsException'> (0x00000000eb517268) thrown at [D:\src\AOSP-openjdk-cygwin\jdk8u\hotspot\src\share\vm\prims\jni.cpp, line 709]
Event: 6.302 Thread 0x000000001b7a5800 Exception <a 'sun/nio/fs/WindowsException'> (0x00000000eb517dd0) thrown at [D:\src\AOSP-openjdk-cygwin\jdk8u\hotspot\src\share\vm\prims\jni.cpp, line 709]
Event: 6.307 Thread 0x000000001b7a5800 Exception <a 'java/lang/ClassNotFoundException': com/sun/org/glassfish/hk2/osgiresourcelocator/ServiceLoader> (0x00000000eb56c4f8) thrown at [D:\src\AOSP-openjdk-cygwin\jdk8u\hotspot\src\share\vm\classfile\systemDictionary.cpp, line 210]
Event: 6.314 Thread 0x000000001b7a5800 Exception <a 'java/lang/NullPointerException'> (0x00000000eb5a8e10) thrown at [D:\src\AOSP-openjdk-cygwin\jdk8u\hotspot\src\share\vm\interpreter\linkResolver.cpp, line 1282]

Events (10 events):
Event: 6.489 loading class com/sun/org/apache/xerces/internal/impl/xs/XSAttributeDecl done
Event: 6.489 loading class com/sun/org/apache/xerces/internal/impl/xs/SchemaGrammar$BuiltinAttrDecl done
Event: 6.489 loading class com/sun/org/apache/xerces/internal/impl/xs/traversers/OneAttr
Event: 6.489 loading class com/sun/org/apache/xerces/internal/impl/xs/traversers/OneAttr done
Event: 6.489 loading class com/sun/org/apache/xerces/internal/impl/xs/traversers/Container
Event: 6.489 loading class com/sun/org/apache/xerces/internal/impl/xs/traversers/Container done
Event: 6.489 loading class com/sun/org/apache/xerces/internal/impl/xs/traversers/SmallContainer
Event: 6.489 loading class com/sun/org/apache/xerces/internal/impl/xs/traversers/SmallContainer done
Event: 6.489 loading class com/sun/org/apache/xerces/internal/impl/xs/traversers/LargeContainer
Event: 6.489 loading class com/sun/org/apache/xerces/internal/impl/xs/traversers/LargeContainer done


Dynamic libraries:
0x00007ff7460a0000 - 0x00007ff7460d1000 	C:\Program Files\Android\Android Studio\jre\bin\java.exe
0x00007fff9f7f0000 - 0x00007fff9f9d0000 	C:\WINDOWS\SYSTEM32\ntdll.dll
0x00007fff9d1d0000 - 0x00007fff9d27e000 	C:\WINDOWS\System32\KERNEL32.DLL
0x00007fff9bcb0000 - 0x00007fff9bf16000 	C:\WINDOWS\System32\KERNELBASE.dll
0x00007fff99c40000 - 0x00007fff99cc8000 	C:\WINDOWS\SYSTEM32\apphelp.dll
0x00007fff9e090000 - 0x00007fff9e131000 	C:\WINDOWS\System32\ADVAPI32.dll
0x00007fff9ccc0000 - 0x00007fff9cd5d000 	C:\WINDOWS\System32\msvcrt.dll
0x00007fff9f760000 - 0x00007fff9f7bb000 	C:\WINDOWS\System32\sechost.dll
0x00007fff9e170000 - 0x00007fff9e28f000 	C:\WINDOWS\System32\RPCRT4.dll
0x00007fff9cfa0000 - 0x00007fff9d12f000 	C:\WINDOWS\System32\USER32.dll
0x00007fff9bc90000 - 0x00007fff9bcb0000 	C:\WINDOWS\System32\win32u.dll
0x00007fff9e140000 - 0x00007fff9e168000 	C:\WINDOWS\System32\GDI32.dll
0x00007fff9c840000 - 0x00007fff9c9d3000 	C:\WINDOWS\System32\gdi32full.dll
0x00007fff9bbf0000 - 0x00007fff9bc8b000 	C:\WINDOWS\System32\msvcp_win.dll
0x00007fff9c6f0000 - 0x00007fff9c7e6000 	C:\WINDOWS\System32\ucrtbase.dll
0x00007fff8fd70000 - 0x00007fff8ffd9000 	C:\WINDOWS\WinSxS\amd64_microsoft.windows.common-controls_6595b64144ccf1df_6.0.16299.214_none_15cad1489362ef88\COMCTL32.dll
0x00007fff9d340000 - 0x00007fff9d648000 	C:\WINDOWS\System32\combase.dll
0x00007fff9c670000 - 0x00007fff9c6e2000 	C:\WINDOWS\System32\bcryptPrimitives.dll
0x00007fff9cf00000 - 0x00007fff9cf2d000 	C:\WINDOWS\System32\IMM32.DLL
0x000000006e980000 - 0x000000006ea52000 	C:\Program Files\Android\Android Studio\jre\jre\bin\msvcr100.dll
0x000000006eb40000 - 0x000000006f37e000 	C:\Program Files\Android\Android Studio\jre\jre\bin\server\jvm.dll
0x00007fff9d280000 - 0x00007fff9d288000 	C:\WINDOWS\System32\PSAPI.DLL
0x00007fff99fb0000 - 0x00007fff99fb9000 	C:\WINDOWS\SYSTEM32\WSOCK32.dll
0x00007fff97710000 - 0x00007fff97733000 	C:\WINDOWS\SYSTEM32\WINMM.dll
0x00007fff90340000 - 0x00007fff9034a000 	C:\WINDOWS\SYSTEM32\VERSION.dll
0x00007fff9dc80000 - 0x00007fff9dcec000 	C:\WINDOWS\System32\WS2_32.dll
0x00007fff976d0000 - 0x00007fff976fa000 	C:\WINDOWS\SYSTEM32\winmmbase.dll
0x00007fff9c7f0000 - 0x00007fff9c83a000 	C:\WINDOWS\System32\cfgmgr32.dll
0x00007fff96900000 - 0x00007fff9690f000 	C:\Program Files\Android\Android Studio\jre\jre\bin\verify.dll
0x00007fff90c50000 - 0x00007fff90c79000 	C:\Program Files\Android\Android Studio\jre\jre\bin\java.dll
0x00007fff90370000 - 0x00007fff90386000 	C:\Program Files\Android\Android Studio\jre\jre\bin\zip.dll
0x00007fff9e2a0000 - 0x00007fff9f6d6000 	C:\WINDOWS\System32\SHELL32.dll
0x00007fff9d290000 - 0x00007fff9d336000 	C:\WINDOWS\System32\shcore.dll
0x00007fff9bf20000 - 0x00007fff9c667000 	C:\WINDOWS\System32\windows.storage.dll
0x00007fff9dcf0000 - 0x00007fff9dd41000 	C:\WINDOWS\System32\shlwapi.dll
0x00007fff9bbb0000 - 0x00007fff9bbc1000 	C:\WINDOWS\System32\kernel.appcore.dll
0x00007fff9bb60000 - 0x00007fff9bbac000 	C:\WINDOWS\System32\powrprof.dll
0x00007fff9bb40000 - 0x00007fff9bb5b000 	C:\WINDOWS\System32\profapi.dll
0x00007fff8e930000 - 0x00007fff8e94a000 	C:\Program Files\Android\Android Studio\jre\jre\bin\net.dll
0x00007fff9b3d0000 - 0x00007fff9b436000 	C:\WINDOWS\system32\mswsock.dll
0x00007fff8af60000 - 0x00007fff8af71000 	C:\Program Files\Android\Android Studio\jre\jre\bin\nio.dll
0x00007fff973a0000 - 0x00007fff973be000 	C:\Users\Usuario\.gradle\native\25\windows-amd64\native-platform.dll
0x00007fff92c70000 - 0x00007fff92c7d000 	C:\Program Files\Android\Android Studio\jre\jre\bin\management.dll
0x00007fff9b590000 - 0x00007fff9b5a7000 	C:\WINDOWS\SYSTEM32\CRYPTSP.dll
0x00007fff9afe0000 - 0x00007fff9b013000 	C:\WINDOWS\system32\rsaenh.dll
0x00007fff9b6a0000 - 0x00007fff9b6c5000 	C:\WINDOWS\SYSTEM32\bcrypt.dll
0x00007fff9ba70000 - 0x00007fff9ba99000 	C:\WINDOWS\SYSTEM32\USERENV.dll
0x00007fff9b5b0000 - 0x00007fff9b5bb000 	C:\WINDOWS\SYSTEM32\CRYPTBASE.dll
0x00007fff9b160000 - 0x00007fff9b199000 	C:\WINDOWS\SYSTEM32\IPHLPAPI.DLL
0x00007fff9cf90000 - 0x00007fff9cf98000 	C:\WINDOWS\System32\NSI.dll
0x00007fff96100000 - 0x00007fff96116000 	C:\WINDOWS\SYSTEM32\dhcpcsvc6.DLL
0x00007fff94b00000 - 0x00007fff94b1a000 	C:\WINDOWS\SYSTEM32\dhcpcsvc.DLL

VM Arguments:
jvm_args: -XX:+HeapDumpOnOutOfMemoryError -Xmx1024m -Dfile.encoding=windows-1252 -Duser.country=ES -Duser.language=es -Duser.variant 
java_command: org.gradle.launcher.daemon.bootstrap.GradleDaemon 4.1
java_class_path (initial): C:\Users\Usuario\.gradle\wrapper\dists\gradle-4.1-all\bzyivzo6n839fup2jbap0tjew\gradle-4.1\lib\gradle-launcher-4.1.jar
Launcher Type: SUN_STANDARD

Environment Variables:
JAVA_HOME=C:\Program Files\Java\jdk1.8.0_112
PATH=C:\Program Files\Java\jdk1.8.0_112\bin;C:\ProgramData\Oracle\Java\javapath;C:\Program Files (x86)\Intel\iCLS Client\;C:\Program Files\Intel\iCLS Client\;C:\Windows\system32;C:\Windows;C:\Windows\System32\Wbem;C:\Windows\System32\WindowsPowerShell\v1.0\;C:\Program Files (x86)\NVIDIA Corporation\PhysX\Common;C:\Program Files (x86)\Intel\Intel(R) Management Engine Components\DAL;C:\Program Files\Intel\Intel(R) Management Engine Components\DAL;C:\Program Files (x86)\Intel\Intel(R) Management Engine Components\IPT;C:\Program Files\Intel\Intel(R) Management Engine Components\IPT;C:\WINDOWS\system32;C:\WINDOWS;C:\WINDOWS\System32\Wbem;C:\WINDOWS\System32\WindowsPowerShell\v1.0\;C:\Program Files\Git\cmd;C:\Users\Usuario\AppData\Local\Microsoft\WindowsApps
USERNAME=Usuario
OS=Windows_NT
PROCESSOR_IDENTIFIER=Intel64 Family 6 Model 94 Stepping 3, GenuineIntel



---------------  S Y S T E M  ---------------

OS: Windows 10.0 , 64 bit Build 16299 (10.0.16299.15)

CPU:total 8 (initial active 8) (4 cores per cpu, 2 threads per core) family 6 model 94 stepping 3, cmov, cx8, fxsr, mmx, sse, sse2, sse3, ssse3, sse4.1, sse4.2, popcnt, avx, avx2, aes, clmul, erms, rtm, 3dnowpref, lzcnt, ht, tsc, tscinvbit, bmi1, bmi2, adx

Memory: 4k page, physical 12476168k(3158840k free), swap 12476168k(5212k free)

vm_info: OpenJDK 64-Bit Server VM (25.152-b01) for windows-amd64 JRE (1.8.0_152-release-915-b01), built by "builder" with MS VC++ 10.0 (VS2010)

time: Fri Feb 09 19:47:45 2018
elapsed time: 6 seconds (0d 0h 0m 6s)

