#
# There is insufficient memory for the Java Runtime Environment to continue.
# Native memory allocation (malloc) failed to allocate 1467216 bytes for Chunk::new
# Possible reasons:
#   The system is out of physical RAM or swap space
#   In 32 bit mode, the process size limit was hit
# Possible solutions:
#   Reduce memory load on the system
#   Increase physical memory or swap space
#   Check if swap backing store is full
#   Use 64 bit Java on a 64 bit OS
#   Decrease Java heap size (-Xmx/-Xms)
#   Decrease number of Java threads
#   Decrease Java thread stack sizes (-Xss)
#   Set larger code cache with -XX:ReservedCodeCacheSize=
# This output file may be truncated or incomplete.
#
#  Out of Memory Error (allocation.cpp:390), pid=16592, tid=0x0000000000002808
#
# JRE version: OpenJDK Runtime Environment (8.0_152-b01) (build 1.8.0_152-release-1343-b01)
# Java VM: OpenJDK 64-Bit Server VM (25.152-b01 mixed mode windows-amd64 compressed oops)
# Failed to write core dump. Minidumps are not enabled by default on client versions of Windows
#

---------------  T H R E A D  ---------------

Current thread (0x00000000168df000):  JavaThread "C2 CompilerThread1" daemon [_thread_in_native, id=10248, stack(0x00000000171d0000,0x00000000172d0000)]

Stack: [0x00000000171d0000,0x00000000172d0000]
[error occurred during error reporting (printing stack bounds), id 0xc0000005]

Native frames: (J=compiled Java code, j=interpreted, Vv=VM code, C=native code)


Current CompileTask:
C2: 720153 23931       4       com.android.tools.r8.ir.regalloc.LinearScanRegisterAllocator::insertMoves (171 bytes)


---------------  P R O C E S S  ---------------

Java Threads: ( => current thread )
  0x000000001b3fb800 JavaThread "ForkJoinPool.commonPool-worker-6" daemon [_thread_blocked, id=18244, stack(0x000000002b2e0000,0x000000002b3e0000)]
  0x000000001b3fd000 JavaThread "ForkJoinPool.commonPool-worker-0" daemon [_thread_blocked, id=14276, stack(0x000000002b1e0000,0x000000002b2e0000)]
  0x000000001b3fa000 JavaThread "stdout" daemon [_thread_in_native, id=18176, stack(0x000000002a110000,0x000000002a210000)]
  0x000000001b3f8800 JavaThread "stderr" daemon [_thread_in_native, id=12864, stack(0x000000002a010000,0x000000002a110000)]
  0x000000001b3f6800 JavaThread "stdout" daemon [_thread_in_native, id=17736, stack(0x0000000029f10000,0x000000002a010000)]
  0x000000001b3f3000 JavaThread "stderr" daemon [_thread_in_native, id=10572, stack(0x0000000029e10000,0x0000000029f10000)]
  0x000000001b3f4000 JavaThread "stdout" daemon [_thread_in_native, id=16004, stack(0x0000000029d10000,0x0000000029e10000)]
  0x0000000018a63000 JavaThread "stderr" daemon [_thread_in_native, id=15364, stack(0x0000000029c10000,0x0000000029d10000)]
  0x000000001b94f800 JavaThread "stdout" daemon [_thread_in_native, id=11912, stack(0x0000000029b10000,0x0000000029c10000)]
  0x000000001b945800 JavaThread "stderr" daemon [_thread_in_native, id=1368, stack(0x0000000029a10000,0x0000000029b10000)]
  0x000000001c246000 JavaThread "stdout" daemon [_thread_in_native, id=13820, stack(0x0000000029910000,0x0000000029a10000)]
  0x000000001c24a800 JavaThread "stderr" daemon [_thread_in_native, id=6656, stack(0x0000000029810000,0x0000000029910000)]
  0x000000001c249000 JavaThread "stdout" daemon [_thread_in_native, id=15892, stack(0x0000000029710000,0x0000000029810000)]
  0x000000001c246800 JavaThread "stderr" daemon [_thread_in_native, id=900, stack(0x0000000029610000,0x0000000029710000)]
  0x000000001c247800 JavaThread "stdout" daemon [_thread_in_native, id=4924, stack(0x0000000029510000,0x0000000029610000)]
  0x000000001c248000 JavaThread "stderr" daemon [_thread_in_native, id=12760, stack(0x0000000029410000,0x0000000029510000)]
  0x000000001c249800 JavaThread "pool-5-thread-1" [_thread_blocked, id=6824, stack(0x0000000029310000,0x0000000029410000)]
  0x000000001c23e000 JavaThread "ForkJoinPool.commonPool-worker-7" daemon [_thread_blocked, id=17804, stack(0x0000000029210000,0x0000000029310000)]
  0x000000001c23f000 JavaThread "ForkJoinPool.commonPool-worker-5" daemon [_thread_blocked, id=14764, stack(0x0000000029010000,0x0000000029110000)]
  0x000000001c23c000 JavaThread "Cache worker for Java compile cache (C:\Users\Usuario\AndroidStudioProjects\Localizaciones\.gradle\5.1.1\javaCompile)" [_thread_blocked, id=9780, stack(0x0000000028b10000,0x0000000028c10000)]
  0x000000001c23b000 JavaThread "Cache worker for Java compile cache (C:\Users\Usuario\.gradle\caches\5.1.1\javaCompile)" [_thread_blocked, id=14688, stack(0x0000000028a10000,0x0000000028b10000)]
  0x000000001b94e000 JavaThread "Cache worker for execution history cache (C:\Users\Usuario\AndroidStudioProjects\Localizaciones\.gradle\5.1.1\executionHistory)" [_thread_blocked, id=6492, stack(0x0000000027940000,0x0000000027a40000)]
  0x000000001b94d000 JavaThread "Execution worker for ':' Thread 7" [_thread_blocked, id=1528, stack(0x0000000027840000,0x0000000027940000)]
  0x000000001b94a000 JavaThread "Execution worker for ':' Thread 6" [_thread_blocked, id=9644, stack(0x0000000027740000,0x0000000027840000)]
  0x000000001b942800 JavaThread "Execution worker for ':' Thread 5" [_thread_blocked, id=3556, stack(0x0000000027640000,0x0000000027740000)]
  0x000000001b941000 JavaThread "Execution worker for ':' Thread 4" [_thread_blocked, id=6676, stack(0x0000000027540000,0x0000000027640000)]
  0x000000001b942000 JavaThread "Execution worker for ':' Thread 3" [_thread_blocked, id=10812, stack(0x0000000027440000,0x0000000027540000)]
  0x000000001b944000 JavaThread "Execution worker for ':' Thread 2" [_thread_blocked, id=17976, stack(0x0000000027340000,0x0000000027440000)]
  0x000000001b948000 JavaThread "Execution worker for ':'" [_thread_blocked, id=12172, stack(0x0000000027240000,0x0000000027340000)]
  0x000000001b945000 JavaThread "Cache worker for file content cache (C:\Users\Usuario\AndroidStudioProjects\Localizaciones\.gradle\5.1.1\fileContent)" [_thread_blocked, id=11904, stack(0x0000000027140000,0x0000000027240000)]
  0x000000001b946800 JavaThread "Cache worker for file content cache (C:\Users\Usuario\.gradle\caches\5.1.1\fileContent)" [_thread_blocked, id=15672, stack(0x0000000027040000,0x0000000027140000)]
  0x0000000016a32000 JavaThread "Cache worker for Build Output Cleanup Cache (C:\Users\Usuario\AndroidStudioProjects\Localizaciones\.gradle\buildOutputCleanup)" [_thread_blocked, id=2484, stack(0x0000000026e40000,0x0000000026f40000)]
  0x0000000016a2c800 JavaThread "pool-4-thread-1" [_thread_blocked, id=2624, stack(0x0000000026d40000,0x0000000026e40000)]
  0x0000000016a30800 JavaThread "Build operations Thread 8" [_thread_blocked, id=9092, stack(0x0000000026c40000,0x0000000026d40000)]
  0x0000000016a2e000 JavaThread "Build operations Thread 7" [_thread_blocked, id=11232, stack(0x0000000026b40000,0x0000000026c40000)]
  0x0000000016a2d800 JavaThread "Build operations Thread 6" [_thread_blocked, id=5196, stack(0x0000000026a40000,0x0000000026b40000)]
  0x0000000016a2b000 JavaThread "Build operations Thread 5" [_thread_blocked, id=13716, stack(0x0000000026940000,0x0000000026a40000)]
  0x0000000016a31000 JavaThread "Build operations Thread 4" [_thread_blocked, id=14392, stack(0x0000000026840000,0x0000000026940000)]
  0x0000000016a2f000 JavaThread "Build operations Thread 3" [_thread_blocked, id=11796, stack(0x0000000026740000,0x0000000026840000)]
  0x0000000016a29000 JavaThread "Build operations Thread 2" [_thread_blocked, id=2288, stack(0x0000000026640000,0x0000000026740000)]
  0x0000000016a2f800 JavaThread "Build operations" [_thread_blocked, id=15656, stack(0x0000000026540000,0x0000000026640000)]
  0x0000000016a2c000 JavaThread "Cache worker for cache directory md-rule (C:\Users\Usuario\.gradle\caches\5.1.1\md-rule)" [_thread_blocked, id=2304, stack(0x0000000026440000,0x0000000026540000)]
  0x0000000016a27800 JavaThread "Cache worker for cache directory md-supplier (C:\Users\Usuario\.gradle\caches\5.1.1\md-supplier)" [_thread_blocked, id=5812, stack(0x0000000026340000,0x0000000026440000)]
  0x0000000016a24800 JavaThread "Cache worker for file hash cache (C:\Users\Usuario\AndroidStudioProjects\Localizaciones\.gradle\5.1.1\fileHashes)" [_thread_blocked, id=14996, stack(0x0000000026240000,0x0000000026340000)]
  0x0000000016a26000 JavaThread "Thread-40" [_thread_blocked, id=9500, stack(0x0000000026140000,0x0000000026240000)]
  0x0000000016a25000 JavaThread "Stdin handler" [_thread_blocked, id=10800, stack(0x0000000026040000,0x0000000026140000)]
  0x0000000016a23800 JavaThread "Asynchronous log dispatcher for DefaultDaemonConnection: socket connection from /127.0.0.1:61587 to /127.0.0.1:61777" [_thread_blocked, id=4584, stack(0x0000000025f40000,0x0000000026040000)]
  0x0000000016a2a800 JavaThread "Daemon worker Thread 2" [_thread_blocked, id=10464, stack(0x0000000025e40000,0x0000000025f40000)]
  0x0000000016a26800 JavaThread "Cancel handler" [_thread_blocked, id=4664, stack(0x0000000025d40000,0x0000000025e40000)]
  0x0000000016a28000 JavaThread "Handler for socket connection from /127.0.0.1:61587 to /127.0.0.1:61777" [_thread_in_native, id=15124, stack(0x0000000025c40000,0x0000000025d40000)]
  0x0000000016a23000 JavaThread "Daemon Thread 2" [_thread_blocked, id=13632, stack(0x0000000025b40000,0x0000000025c40000)]
  0x000000001b94b000 JavaThread "Memory manager" [_thread_blocked, id=12744, stack(0x00000000234a0000,0x00000000235a0000)]
  0x000000001b947000 JavaThread "Cache worker for execution history cache (C:\Users\Usuario\.gradle\caches\5.1.1\executionHistory)" [_thread_blocked, id=18276, stack(0x000000001f110000,0x000000001f210000)]
  0x0000000018a64000 JavaThread "Cache worker for journal cache (C:\Users\Usuario\.gradle\caches\journal-1)" [_thread_blocked, id=6136, stack(0x000000001a340000,0x000000001a440000)]
  0x0000000018a65800 JavaThread "File lock request listener" [_thread_in_native, id=4768, stack(0x000000001a240000,0x000000001a340000)]
  0x0000000018b10000 JavaThread "Cache worker for file hash cache (C:\Users\Usuario\.gradle\caches\5.1.1\fileHashes)" [_thread_blocked, id=16184, stack(0x000000001a140000,0x000000001a240000)]
  0x00000000186ee800 JavaThread "Daemon periodic checks" [_thread_blocked, id=16448, stack(0x0000000019640000,0x0000000019740000)]
  0x00000000186e8000 JavaThread "Incoming local TCP Connector on port 61587" [_thread_in_native, id=15560, stack(0x00000000193e0000,0x00000000194e0000)]
  0x0000000016981000 JavaThread "Service Thread" daemon [_thread_blocked, id=15072, stack(0x00000000174d0000,0x00000000175d0000)]
  0x00000000168f0000 JavaThread "C1 CompilerThread3" daemon [_thread_blocked, id=14160, stack(0x00000000173d0000,0x00000000174d0000)]
  0x00000000168ea800 JavaThread "C2 CompilerThread2" daemon [_thread_in_native, id=408, stack(0x00000000172d0000,0x00000000173d0000)]
=>0x00000000168df000 JavaThread "C2 CompilerThread1" daemon [_thread_in_native, id=10248, stack(0x00000000171d0000,0x00000000172d0000)]
  0x00000000168dc000 JavaThread "C2 CompilerThread0" daemon [_thread_blocked, id=8136, stack(0x00000000170d0000,0x00000000171d0000)]
  0x00000000168da000 JavaThread "Attach Listener" daemon [_thread_blocked, id=18012, stack(0x0000000016fd0000,0x00000000170d0000)]
  0x00000000168d7000 JavaThread "Signal Dispatcher" daemon [_thread_blocked, id=4072, stack(0x0000000016ed0000,0x0000000016fd0000)]
  0x0000000003169000 JavaThread "Finalizer" daemon [_thread_blocked, id=15940, stack(0x0000000016cb0000,0x0000000016db0000)]
  0x0000000003166000 JavaThread "Reference Handler" daemon [_thread_blocked, id=12092, stack(0x00000000167b0000,0x00000000168b0000)]
  0x000000000119e000 JavaThread "main" [_thread_blocked, id=10208, stack(0x0000000002f00000,0x0000000003000000)]

Other Threads:
  0x00000000149d6800 VMThread [stack: 0x00000000166b0000,0x00000000167b0000] [id=11592]
  0x000000001694c000 WatcherThread [stack: 0x00000000175d0000,0x00000000176d0000] [id=16516]

VM state:at safepoint (normal execution)

VM Mutex/Monitor currently owned by a thread:  ([mutex/lock_event])
[0x000000000119d200] Threads_lock - owner thread: 0x0000000000000000

Heap:
 PSYoungGen      total 152064K, used 11463K [0x00000000f5580000, 0x00000000ffd80000, 0x0000000100000000)
  eden space 133120K, 1% used [0x00000000f5580000,0x00000000f5818db8,0x00000000fd780000)
  from space 18944K, 46% used [0x00000000feb00000,0x00000000ff3999c8,0x00000000ffd80000)
  to   space 19456K, 0% used [0x00000000fd780000,0x00000000fd780000,0x00000000fea80000)
 ParOldGen       total 278016K, used 83760K [0x00000000e0000000, 0x00000000f0f80000, 0x00000000f5580000)
  object space 278016K, 30% used [0x00000000e0000000,0x00000000e51cc018,0x00000000f0f80000)
 Metaspace       used 100510K, capacity 104000K, committed 104512K, reserved 1140736K
  class space    used 12346K, capacity 13021K, committed 13184K, reserved 1048576K

Card table byte_map: [0x0000000012530000,0x0000000012640000] byte_map_base: 0x0000000011e30000

Marking Bits: (ParMarkBitMap*) 0x000000006d675aa0
 Begin Bits: [0x0000000012ef0000, 0x00000000136f0000)
 End Bits:   [0x00000000136f0000, 0x0000000013ef0000)

Polling page: 0x0000000003000000

CodeCache: size=245760Kb used=69460Kb max_used=69463Kb free=176299Kb
 bounds [0x0000000003170000, 0x00000000075b0000, 0x0000000012170000]
 total_blobs=20217 nmethods=19295 adapters=831
 compilation: enabled

Compilation events (10 events):
Event: 720.067 Thread 0x00000000168f0000 24092       2       com.android.tools.r8.it.unimi.dsi.fastutil.ints.Int2ObjectAVLTreeMap$Entry::next (35 bytes)
Event: 720.067 Thread 0x00000000168f0000 nmethod 24092 0x0000000005b91710 code [0x0000000005b91860, 0x0000000005b91a30]
Event: 720.067 Thread 0x00000000168f0000 24088       2       com.android.tools.r8.it.unimi.dsi.fastutil.ints.Int2ObjectAVLTreeMap$Entry::right (19 bytes)
Event: 720.067 Thread 0x00000000168f0000 nmethod 24088 0x0000000006ad0390 code [0x0000000006ad04e0, 0x0000000006ad0650]
Event: 720.067 Thread 0x00000000168f0000 24089       2       com.android.tools.r8.it.unimi.dsi.fastutil.ints.Int2ObjectAVLTreeMap$KeyIterator::nextInt (8 bytes)
Event: 720.067 Thread 0x00000000168f0000 nmethod 24089 0x0000000006acffd0 code [0x0000000006ad0140, 0x0000000006ad02c8]
Event: 720.067 Thread 0x00000000168f0000 24090       2       com.android.tools.r8.it.unimi.dsi.fastutil.ints.Int2ObjectAVLTreeMap$TreeIterator::nextEntry (47 bytes)
Event: 720.067 Thread 0x00000000168f0000 nmethod 24090 0x0000000006acfa50 code [0x0000000006acfbc0, 0x0000000006acfe58]
Event: 720.067 Thread 0x00000000168f0000 24091       2       com.android.tools.r8.it.unimi.dsi.fastutil.ints.Int2ObjectAVLTreeMap$TreeIterator::updateNext (12 bytes)
Event: 720.068 Thread 0x00000000168f0000 nmethod 24091 0x0000000006acf5d0 code [0x0000000006acf740, 0x0000000006acf930]

GC Heap History (10 events):
Event: 718.438 GC heap before
{Heap before GC invocations=79 (full 4):
 PSYoungGen      total 152064K, used 143875K [0x00000000f5580000, 0x0000000100000000, 0x0000000100000000)
  eden space 130560K, 100% used [0x00000000f5580000,0x00000000fd500000,0x00000000fd500000)
  from space 21504K, 61% used [0x00000000feb00000,0x00000000ff800c58,0x0000000100000000)
  to   space 22016K, 0% used [0x00000000fd500000,0x00000000fd500000,0x00000000fea80000)
 ParOldGen       total 278016K, used 83464K [0x00000000e0000000, 0x00000000f0f80000, 0x00000000f5580000)
  object space 278016K, 30% used [0x00000000e0000000,0x00000000e5182018,0x00000000f0f80000)
 Metaspace       used 100439K, capacity 103926K, committed 104512K, reserved 1140736K
  class space    used 12344K, capacity 13020K, committed 13184K, reserved 1048576K
Event: 718.446 GC heap after
Heap after GC invocations=79 (full 4):
 PSYoungGen      total 152576K, used 13377K [0x00000000f5580000, 0x0000000100000000, 0x0000000100000000)
  eden space 130560K, 0% used [0x00000000f5580000,0x00000000f5580000,0x00000000fd500000)
  from space 22016K, 60% used [0x00000000fd500000,0x00000000fe210740,0x00000000fea80000)
  to   space 22016K, 0% used [0x00000000fea80000,0x00000000fea80000,0x0000000100000000)
 ParOldGen       total 278016K, used 83504K [0x00000000e0000000, 0x00000000f0f80000, 0x00000000f5580000)
  object space 278016K, 30% used [0x00000000e0000000,0x00000000e518c018,0x00000000f0f80000)
 Metaspace       used 100439K, capacity 103926K, committed 104512K, reserved 1140736K
  class space    used 12344K, capacity 13020K, committed 13184K, reserved 1048576K
}
Event: 718.862 GC heap before
{Heap before GC invocations=80 (full 4):
 PSYoungGen      total 152576K, used 143937K [0x00000000f5580000, 0x0000000100000000, 0x0000000100000000)
  eden space 130560K, 100% used [0x00000000f5580000,0x00000000fd500000,0x00000000fd500000)
  from space 22016K, 60% used [0x00000000fd500000,0x00000000fe210740,0x00000000fea80000)
  to   space 22016K, 0% used [0x00000000fea80000,0x00000000fea80000,0x0000000100000000)
 ParOldGen       total 278016K, used 83504K [0x00000000e0000000, 0x00000000f0f80000, 0x00000000f5580000)
  object space 278016K, 30% used [0x00000000e0000000,0x00000000e518c018,0x00000000f0f80000)
 Metaspace       used 100469K, capacity 103932K, committed 104512K, reserved 1140736K
  class space    used 12345K, capacity 13021K, committed 13184K, reserved 1048576K
Event: 718.866 GC heap after
Heap after GC invocations=80 (full 4):
 PSYoungGen      total 151552K, used 5313K [0x00000000f5580000, 0x00000000fff00000, 0x0000000100000000)
  eden space 130560K, 0% used [0x00000000f5580000,0x00000000f5580000,0x00000000fd500000)
  from space 20992K, 25% used [0x00000000fea80000,0x00000000fefb0458,0x00000000fff00000)
  to   space 21504K, 0% used [0x00000000fd500000,0x00000000fd500000,0x00000000fea00000)
 ParOldGen       total 278016K, used 83616K [0x00000000e0000000, 0x00000000f0f80000, 0x00000000f5580000)
  object space 278016K, 30% used [0x00000000e0000000,0x00000000e51a8018,0x00000000f0f80000)
 Metaspace       used 100469K, capacity 103932K, committed 104512K, reserved 1140736K
  class space    used 12345K, capacity 13021K, committed 13184K, reserved 1048576K
}
Event: 719.162 GC heap before
{Heap before GC invocations=81 (full 4):
 PSYoungGen      total 151552K, used 135873K [0x00000000f5580000, 0x00000000fff00000, 0x0000000100000000)
  eden space 130560K, 100% used [0x00000000f5580000,0x00000000fd500000,0x00000000fd500000)
  from space 20992K, 25% used [0x00000000fea80000,0x00000000fefb0458,0x00000000fff00000)
  to   space 21504K, 0% used [0x00000000fd500000,0x00000000fd500000,0x00000000fea00000)
 ParOldGen       total 278016K, used 83616K [0x00000000e0000000, 0x00000000f0f80000, 0x00000000f5580000)
  object space 278016K, 30% used [0x00000000e0000000,0x00000000e51a8018,0x00000000f0f80000)
 Metaspace       used 100473K, capacity 103932K, committed 104512K, reserved 1140736K
  class space    used 12345K, capacity 13021K, committed 13184K, reserved 1048576K
Event: 719.167 GC heap after
Heap after GC invocations=81 (full 4):
 PSYoungGen      total 152064K, used 5667K [0x00000000f5580000, 0x00000000fff80000, 0x0000000100000000)
  eden space 130560K, 0% used [0x00000000f5580000,0x00000000f5580000,0x00000000fd500000)
  from space 21504K, 26% used [0x00000000fd500000,0x00000000fda88ee0,0x00000000fea00000)
  to   space 20992K, 0% used [0x00000000feb00000,0x00000000feb00000,0x00000000fff80000)
 ParOldGen       total 278016K, used 83688K [0x00000000e0000000, 0x00000000f0f80000, 0x00000000f5580000)
  object space 278016K, 30% used [0x00000000e0000000,0x00000000e51ba018,0x00000000f0f80000)
 Metaspace       used 100473K, capacity 103932K, committed 104512K, reserved 1140736K
  class space    used 12345K, capacity 13021K, committed 13184K, reserved 1048576K
}
Event: 719.422 GC heap before
{Heap before GC invocations=82 (full 4):
 PSYoungGen      total 152064K, used 136227K [0x00000000f5580000, 0x00000000fff80000, 0x0000000100000000)
  eden space 130560K, 100% used [0x00000000f5580000,0x00000000fd500000,0x00000000fd500000)
  from space 21504K, 26% used [0x00000000fd500000,0x00000000fda88ee0,0x00000000fea00000)
  to   space 20992K, 0% used [0x00000000feb00000,0x00000000feb00000,0x00000000fff80000)
 ParOldGen       total 278016K, used 83688K [0x00000000e0000000, 0x00000000f0f80000, 0x00000000f5580000)
  object space 278016K, 30% used [0x00000000e0000000,0x00000000e51ba018,0x00000000f0f80000)
 Metaspace       used 100482K, capacity 103932K, committed 104512K, reserved 1140736K
  class space    used 12346K, capacity 13021K, committed 13184K, reserved 1048576K
Event: 719.427 GC heap after
Heap after GC invocations=82 (full 4):
 PSYoungGen      total 153088K, used 5099K [0x00000000f5580000, 0x00000000fff80000, 0x0000000100000000)
  eden space 132096K, 0% used [0x00000000f5580000,0x00000000f5580000,0x00000000fd680000)
  from space 20992K, 24% used [0x00000000feb00000,0x00000000feffad28,0x00000000fff80000)
  to   space 20992K, 0% used [0x00000000fd680000,0x00000000fd680000,0x00000000feb00000)
 ParOldGen       total 278016K, used 83704K [0x00000000e0000000, 0x00000000f0f80000, 0x00000000f5580000)
  object space 278016K, 30% used [0x00000000e0000000,0x00000000e51be018,0x00000000f0f80000)
 Metaspace       used 100482K, capacity 103932K, committed 104512K, reserved 1140736K
  class space    used 12346K, capacity 13021K, committed 13184K, reserved 1048576K
}
Event: 719.747 GC heap before
{Heap before GC invocations=83 (full 4):
 PSYoungGen      total 153088K, used 137195K [0x00000000f5580000, 0x00000000fff80000, 0x0000000100000000)
  eden space 132096K, 100% used [0x00000000f5580000,0x00000000fd680000,0x00000000fd680000)
  from space 20992K, 24% used [0x00000000feb00000,0x00000000feffad28,0x00000000fff80000)
  to   space 20992K, 0% used [0x00000000fd680000,0x00000000fd680000,0x00000000feb00000)
 ParOldGen       total 278016K, used 83704K [0x00000000e0000000, 0x00000000f0f80000, 0x00000000f5580000)
  object space 278016K, 30% used [0x00000000e0000000,0x00000000e51be018,0x00000000f0f80000)
 Metaspace       used 100495K, capacity 103996K, committed 104512K, reserved 1140736K
  class space    used 12346K, capacity 13021K, committed 13184K, reserved 1048576K
Event: 719.751 GC heap after
Heap after GC invocations=83 (full 4):
 PSYoungGen      total 153088K, used 2336K [0x00000000f5580000, 0x00000000fff00000, 0x0000000100000000)
  eden space 132096K, 0% used [0x00000000f5580000,0x00000000f5580000,0x00000000fd680000)
  from space 20992K, 11% used [0x00000000fd680000,0x00000000fd8c8000,0x00000000feb00000)
  to   space 20480K, 0% used [0x00000000feb00000,0x00000000feb00000,0x00000000fff00000)
 ParOldGen       total 278016K, used 83712K [0x00000000e0000000, 0x00000000f0f80000, 0x00000000f5580000)
  object space 278016K, 30% used [0x00000000e0000000,0x00000000e51c0018,0x00000000f0f80000)
 Metaspace       used 100495K, capacity 103996K, committed 104512K, reserved 1140736K
  class space    used 12346K, capacity 13021K, committed 13184K, reserved 1048576K
}

Deoptimization events (10 events):
Event: 719.363 Thread 0x000000001b948000 Uncommon trap: reason=class_check action=maybe_recompile pc=0x0000000005449c34 method=com.android.tools.r8.ir.optimize.CodeRewriter.isInstantiationOfNullPointerException(Lcom/android/tools/r8/ir/code/Instruction;Lcom/android/tools/r8/ir/code/InstructionLi
Event: 719.475 Thread 0x000000001b948000 Uncommon trap: reason=array_check action=maybe_recompile pc=0x00000000062466d8 method=java.util.TimSort.mergeHi(IIII)V @ 101
Event: 719.475 Thread 0x000000001b948000 Uncommon trap: reason=array_check action=maybe_recompile pc=0x00000000062466d8 method=java.util.TimSort.mergeHi(IIII)V @ 101
Event: 719.475 Thread 0x000000001b948000 Uncommon trap: reason=array_check action=maybe_recompile pc=0x00000000062466d8 method=java.util.TimSort.mergeHi(IIII)V @ 101
Event: 719.475 Thread 0x000000001b948000 Uncommon trap: reason=array_check action=maybe_recompile pc=0x00000000062466d8 method=java.util.TimSort.mergeHi(IIII)V @ 101
Event: 719.612 Thread 0x000000001b948000 Uncommon trap: reason=predicate action=maybe_recompile pc=0x0000000006cd214c method=java.util.TimSort.mergeHi(IIII)V @ 191
Event: 719.852 Thread 0x000000001b948000 Uncommon trap: reason=array_check action=maybe_recompile pc=0x00000000063ee934 method=java.util.TimSort.mergeHi(IIII)V @ 250
Event: 719.852 Thread 0x000000001b948000 Uncommon trap: reason=array_check action=maybe_recompile pc=0x00000000063eee50 method=java.util.TimSort.mergeHi(IIII)V @ 171
Event: 719.852 Thread 0x000000001b948000 Uncommon trap: reason=array_check action=maybe_recompile pc=0x00000000063ee934 method=java.util.TimSort.mergeHi(IIII)V @ 250
Event: 719.976 Thread 0x000000001b948000 Uncommon trap: reason=unstable_if action=reinterpret pc=0x0000000007342b1c method=com.android.tools.r8.ir.optimize.CodeRewriter.rewriteSwitch(Lcom/android/tools/r8/ir/code/IRCode;)V @ 560

Classes redefined (0 events):
No events

Internal exceptions (10 events):
Event: 718.596 Thread 0x000000001b948000 Exception <a 'sun/nio/fs/WindowsException'> (0x00000000f75aa430) thrown at [D:\src\AOSP-openjdk-cygwin\jdk8u\hotspot\src\share\vm\prims\jni.cpp, line 709]
Event: 718.646 Thread 0x000000001b948000 Exception <a 'sun/nio/fs/WindowsException'> (0x00000000f7e60600) thrown at [D:\src\AOSP-openjdk-cygwin\jdk8u\hotspot\src\share\vm\prims\jni.cpp, line 709]
Event: 719.488 Thread 0x000000001b948000 Exception <a 'sun/nio/fs/WindowsException'> (0x00000000f6b6beb8) thrown at [D:\src\AOSP-openjdk-cygwin\jdk8u\hotspot\src\share\vm\prims\jni.cpp, line 709]
Event: 719.504 Thread 0x000000001b948000 Exception <a 'sun/nio/fs/WindowsException'> (0x00000000f6d8ea80) thrown at [D:\src\AOSP-openjdk-cygwin\jdk8u\hotspot\src\share\vm\prims\jni.cpp, line 709]
Event: 719.615 Thread 0x000000001b948000 Exception <a 'sun/nio/fs/WindowsException'> (0x00000000f9fc2048) thrown at [D:\src\AOSP-openjdk-cygwin\jdk8u\hotspot\src\share\vm\prims\jni.cpp, line 709]
Event: 719.626 Thread 0x000000001b948000 Exception <a 'sun/nio/fs/WindowsException'> (0x00000000fa0be1d0) thrown at [D:\src\AOSP-openjdk-cygwin\jdk8u\hotspot\src\share\vm\prims\jni.cpp, line 709]
Event: 719.655 Thread 0x000000001b948000 Exception <a 'sun/nio/fs/WindowsException'> (0x00000000faeb2588) thrown at [D:\src\AOSP-openjdk-cygwin\jdk8u\hotspot\src\share\vm\prims\jni.cpp, line 709]
Event: 719.679 Thread 0x000000001b948000 Exception <a 'sun/nio/fs/WindowsException'> (0x00000000fb28d548) thrown at [D:\src\AOSP-openjdk-cygwin\jdk8u\hotspot\src\share\vm\prims\jni.cpp, line 709]
Event: 719.856 Thread 0x000000001b948000 Exception <a 'sun/nio/fs/WindowsException'> (0x00000000f835dc38) thrown at [D:\src\AOSP-openjdk-cygwin\jdk8u\hotspot\src\share\vm\prims\jni.cpp, line 709]
Event: 719.930 Thread 0x000000001b948000 Exception <a 'sun/nio/fs/WindowsException'> (0x00000000f9483eb8) thrown at [D:\src\AOSP-openjdk-cygwin\jdk8u\hotspot\src\share\vm\prims\jni.cpp, line 709]

Events (10 events):
Event: 719.852 Thread 0x000000001b948000 DEOPT UNPACKING pc=0x00000000031b557b sp=0x000000002733a560 mode 2
Event: 719.852 Thread 0x000000001b948000 Uncommon trap: trap_request=0xffffffd6 fr.pc=0x00000000063eee50
Event: 719.852 Thread 0x000000001b948000 DEOPT PACKING pc=0x00000000063eee50 sp=0x000000002733a570
Event: 719.852 Thread 0x000000001b948000 DEOPT UNPACKING pc=0x00000000031b557b sp=0x000000002733a560 mode 2
Event: 719.852 Thread 0x000000001b948000 Uncommon trap: trap_request=0xffffffd6 fr.pc=0x00000000063ee934
Event: 719.852 Thread 0x000000001b948000 DEOPT PACKING pc=0x00000000063ee934 sp=0x000000002733a570
Event: 719.852 Thread 0x000000001b948000 DEOPT UNPACKING pc=0x00000000031b557b sp=0x000000002733a560 mode 2
Event: 719.976 Thread 0x000000001b948000 Uncommon trap: trap_request=0xffffff65 fr.pc=0x0000000007342b1c
Event: 719.976 Thread 0x000000001b948000 DEOPT PACKING pc=0x0000000007342b1c sp=0x000000002733a290
Event: 719.976 Thread 0x000000001b948000 DEOPT UNPACKING pc=0x00000000031b557b sp=0x000000002733a278 mode 2


Dynamic libraries:
0x00007ff656880000 - 0x00007ff6568b1000 	C:\Program Files\Android\Android Studio\jre\bin\java.exe
0x00007ffd9dd00000 - 0x00007ffd9dee1000 	C:\WINDOWS\SYSTEM32\ntdll.dll
0x00007ffd9dc10000 - 0x00007ffd9dcc1000 	C:\WINDOWS\System32\KERNEL32.DLL
0x00007ffd9a840000 - 0x00007ffd9aab3000 	C:\WINDOWS\System32\KERNELBASE.dll
0x00007ffd97ff0000 - 0x00007ffd9807b000 	C:\WINDOWS\SYSTEM32\apphelp.dll
0x00007ffd9c910000 - 0x00007ffd9c9b1000 	C:\WINDOWS\System32\ADVAPI32.dll
0x00007ffd9c7d0000 - 0x00007ffd9c86e000 	C:\WINDOWS\System32\msvcrt.dll
0x00007ffd9c630000 - 0x00007ffd9c68b000 	C:\WINDOWS\System32\sechost.dll
0x00007ffd9d700000 - 0x00007ffd9d824000 	C:\WINDOWS\System32\RPCRT4.dll
0x00007ffd9d010000 - 0x00007ffd9d1a0000 	C:\WINDOWS\System32\USER32.dll
0x00007ffd9aac0000 - 0x00007ffd9aae0000 	C:\WINDOWS\System32\win32u.dll
0x00007ffd9b1a0000 - 0x00007ffd9b1c8000 	C:\WINDOWS\System32\GDI32.dll
0x00007ffd9ab30000 - 0x00007ffd9acc1000 	C:\WINDOWS\System32\gdi32full.dll
0x00007ffd9b0f0000 - 0x00007ffd9b18f000 	C:\WINDOWS\System32\msvcp_win.dll
0x00007ffd9acd0000 - 0x00007ffd9adc8000 	C:\WINDOWS\System32\ucrtbase.dll
0x00007ffd8ccd0000 - 0x00007ffd8cf39000 	C:\WINDOWS\WinSxS\amd64_microsoft.windows.common-controls_6595b64144ccf1df_6.0.17134.829_none_fb46a5473061b9d5\COMCTL32.dll
0x00007ffd9d3d0000 - 0x00007ffd9d6f2000 	C:\WINDOWS\System32\combase.dll
0x00007ffd9ae80000 - 0x00007ffd9aefa000 	C:\WINDOWS\System32\bcryptPrimitives.dll
0x00007ffd9c9c0000 - 0x00007ffd9c9ed000 	C:\WINDOWS\System32\IMM32.DLL
0x000000006a500000 - 0x000000006a5d2000 	C:\Program Files\Android\Android Studio\jre\jre\bin\msvcr100.dll
0x000000006ceb0000 - 0x000000006d6f1000 	C:\Program Files\Android\Android Studio\jre\jre\bin\server\jvm.dll
0x00007ffd9da60000 - 0x00007ffd9da68000 	C:\WINDOWS\System32\PSAPI.DLL
0x00007ffd96500000 - 0x00007ffd9650a000 	C:\WINDOWS\SYSTEM32\VERSION.dll
0x00007ffd98400000 - 0x00007ffd98409000 	C:\WINDOWS\SYSTEM32\WSOCK32.dll
0x00007ffd91860000 - 0x00007ffd91883000 	C:\WINDOWS\SYSTEM32\WINMM.dll
0x00007ffd9d1a0000 - 0x00007ffd9d20c000 	C:\WINDOWS\System32\WS2_32.dll
0x00007ffd91650000 - 0x00007ffd9167a000 	C:\WINDOWS\SYSTEM32\WINMMBASE.dll
0x00007ffd9aae0000 - 0x00007ffd9ab29000 	C:\WINDOWS\System32\cfgmgr32.dll
0x00007ffd95e70000 - 0x00007ffd95e7f000 	C:\Program Files\Android\Android Studio\jre\jre\bin\verify.dll
0x00007ffd93db0000 - 0x00007ffd93dd9000 	C:\Program Files\Android\Android Studio\jre\jre\bin\java.dll
0x00007ffd93d90000 - 0x00007ffd93da6000 	C:\Program Files\Android\Android Studio\jre\jre\bin\zip.dll
0x00007ffd9b1d0000 - 0x00007ffd9c610000 	C:\WINDOWS\System32\SHELL32.dll
0x00007ffd9d9b0000 - 0x00007ffd9da59000 	C:\WINDOWS\System32\shcore.dll
0x00007ffd9a130000 - 0x00007ffd9a83d000 	C:\WINDOWS\System32\windows.storage.dll
0x00007ffd9d210000 - 0x00007ffd9d261000 	C:\WINDOWS\System32\shlwapi.dll
0x00007ffd9a070000 - 0x00007ffd9a081000 	C:\WINDOWS\System32\kernel.appcore.dll
0x00007ffd9a0b0000 - 0x00007ffd9a0cf000 	C:\WINDOWS\System32\profapi.dll
0x00007ffd9a010000 - 0x00007ffd9a05c000 	C:\WINDOWS\System32\powrprof.dll
0x00007ffd9a060000 - 0x00007ffd9a06a000 	C:\WINDOWS\System32\FLTLIB.DLL
0x00007ffd93d70000 - 0x00007ffd93d8a000 	C:\Program Files\Android\Android Studio\jre\jre\bin\net.dll
0x00007ffd99890000 - 0x00007ffd998f6000 	C:\WINDOWS\system32\mswsock.dll
0x00007ffd93d50000 - 0x00007ffd93d61000 	C:\Program Files\Android\Android Studio\jre\jre\bin\nio.dll
0x00007ffd86370000 - 0x00007ffd8638e000 	C:\Users\Usuario\.gradle\native\25\windows-amd64\native-platform.dll
0x00007ffd94630000 - 0x00007ffd9463d000 	C:\Program Files\Android\Android Studio\jre\jre\bin\management.dll
0x00007ffd99a50000 - 0x00007ffd99a67000 	C:\WINDOWS\SYSTEM32\CRYPTSP.dll
0x00007ffd99480000 - 0x00007ffd994b3000 	C:\WINDOWS\system32\rsaenh.dll
0x00007ffd99b70000 - 0x00007ffd99b95000 	C:\WINDOWS\SYSTEM32\bcrypt.dll
0x00007ffd99f10000 - 0x00007ffd99f38000 	C:\WINDOWS\SYSTEM32\USERENV.dll
0x00007ffd99a40000 - 0x00007ffd99a4b000 	C:\WINDOWS\SYSTEM32\CRYPTBASE.dll
0x00007ffd99620000 - 0x00007ffd99658000 	C:\WINDOWS\SYSTEM32\IPHLPAPI.DLL
0x00007ffd9c760000 - 0x00007ffd9c768000 	C:\WINDOWS\System32\NSI.dll
0x00007ffd93f70000 - 0x00007ffd93f86000 	C:\WINDOWS\SYSTEM32\dhcpcsvc6.DLL
0x00007ffd93e40000 - 0x00007ffd93e5a000 	C:\WINDOWS\SYSTEM32\dhcpcsvc.DLL
0x00007ffd8c090000 - 0x00007ffd8c0b4000 	C:\Program Files\Android\Android Studio\jre\jre\bin\sunec.dll
0x00007ffd99660000 - 0x00007ffd9971e000 	C:\WINDOWS\SYSTEM32\DNSAPI.dll
0x00007ffd928f0000 - 0x00007ffd928fa000 	C:\Windows\System32\rasadhlp.dll
0x00007ffd93020000 - 0x00007ffd93092000 	C:\WINDOWS\System32\fwpuclnt.dll
0x00007ffd91b80000 - 0x00007ffd91b8b000 	C:\Program Files\Android\Android Studio\jre\jre\bin\sunmscapi.dll
0x00007ffd9af00000 - 0x00007ffd9b0e2000 	C:\WINDOWS\System32\CRYPT32.dll
0x00007ffd9a090000 - 0x00007ffd9a0a2000 	C:\WINDOWS\System32\MSASN1.dll

VM Arguments:
jvm_args: -XX:MaxMetaspaceSize=256m -XX:+HeapDumpOnOutOfMemoryError -Xmx512m -Dfile.encoding=windows-1252 -Duser.country=ES -Duser.language=es -Duser.variant 
java_command: org.gradle.launcher.daemon.bootstrap.GradleDaemon 5.1.1
java_class_path (initial): C:\Users\Usuario\.gradle\wrapper\dists\gradle-5.1.1-all\97z1ksx6lirer3kbvdnh7jtjg\gradle-5.1.1\lib\gradle-launcher-5.1.1.jar
Launcher Type: SUN_STANDARD

Environment Variables:
JAVA_HOME=C:\Program Files\Java\jdk1.8.0_112
PATH=C:\ProgramData\Oracle\Java\javapath;C:\Program Files\Java\jdk1.8.0_112\bin;C:\Program Files (x86)\Intel\iCLS Client\;C:\Program Files\Intel\iCLS Client\;C:\Windows\system32;C:\Windows;C:\Windows\System32\Wbem;C:\Windows\System32\WindowsPowerShell\v1.0\;C:\Program Files (x86)\NVIDIA Corporation\PhysX\Common;C:\Program Files (x86)\Intel\Intel(R) Management Engine Components\DAL;C:\Program Files\Intel\Intel(R) Management Engine Components\DAL;C:\Program Files (x86)\Intel\Intel(R) Management Engine Components\IPT;C:\Program Files\Intel\Intel(R) Management Engine Components\IPT;C:\WINDOWS\system32;C:\WINDOWS;C:\WINDOWS\System32\Wbem;C:\WINDOWS\System32\WindowsPowerShell\v1.0\;C:\Program Files\Git\cmd;C:\WINDOWS\System32\OpenSSH\;C:\Users\Usuario\AppData\Local\Microsoft\WindowsApps
USERNAME=Usuario
OS=Windows_NT
PROCESSOR_IDENTIFIER=Intel64 Family 6 Model 94 Stepping 3, GenuineIntel



---------------  S Y S T E M  ---------------

OS: Windows 10.0 , 64 bit Build 17134 (10.0.17134.753)

CPU:total 8 (initial active 8) (4 cores per cpu, 2 threads per core) family 6 model 94 stepping 3, cmov, cx8, fxsr, mmx, sse, sse2, sse3, ssse3, sse4.1, sse4.2, popcnt, avx, avx2, aes, clmul, erms, rtm, 3dnowpref, lzcnt, ht, tsc, tscinvbit, bmi1, bmi2, adx

Memory: 4k page, physical 12476168k(2476360k free), swap 12476168k(7624k free)

vm_info: OpenJDK 64-Bit Server VM (25.152-b01) for windows-amd64 JRE (1.8.0_152-release-1343-b01), built by "builder" with MS VC++ 10.0 (VS2010)

time: Wed Jun 19 12:33:22 2019
elapsed time: 720 seconds (0d 0h 12m 0s)

